Build started 13/12/2015 18:20:40.
     1>Project "C:\Users\myriame\Documents\Visual Studio 2015\Projects\maggie\OpenGLMeshLoader.vcxproj" on node 2 (Build target(s)).
     1>ClCompile:
         C:\Program Files (x86)\Microsoft Visual Studio 14.0\VC\bin\CL.exe /c /I"C:\Users\myriame\Documents\Visual Studio 2015\Projects\maggie\Debug\\.." /ZI /nologo /W3 /WX- /Od /Oy- /D WIN32 /D _DEBUG /D _CONSOLE /D _MBCS /Gm /EHsc /RTC1 /MDd /GS /fp:precise /Zc:wchar_t /Zc:forScope /Zc:inline /Fo"Debug\\" /Fd"Debug\vc140.pdb" /Gd /TP /analyze- /errorReport:prompt OpenGLMeshLoader.cpp
         OpenGLMeshLoader.cpp
     1>c:\users\myriame\documents\visual studio 2015\projects\maggie\openglmeshloader.cpp(314): warning C4018: '<': signed/unsigned mismatch
     1>c:\users\myriame\documents\visual studio 2015\projects\maggie\openglmeshloader.cpp(394): warning C4996: 'sprintf': This function or variable may be unsafe. Consider using sprintf_s instead. To disable deprecation, use _CRT_SECURE_NO_WARNINGS. See online help for details.
         c:\program files (x86)\windows kits\10\include\10.0.10150.0\ucrt\stdio.h(1769): note: see declaration of 'sprintf'
     1>c:\users\myriame\documents\visual studio 2015\projects\maggie\openglmeshloader.cpp(419): warning C4554: '&': check operator precedence for possible error; use parentheses to clarify precedence
     1>c:\users\myriame\documents\visual studio 2015\projects\maggie\openglmeshloader.cpp(427): warning C4554: '&': check operator precedence for possible error; use parentheses to clarify precedence
     1>c:\users\myriame\documents\visual studio 2015\projects\maggie\openglmeshloader.cpp(438): warning C4554: '&': check operator precedence for possible error; use parentheses to clarify precedence
     1>c:\users\myriame\documents\visual studio 2015\projects\maggie\openglmeshloader.cpp(473): warning C4554: '&': check operator precedence for possible error; use parentheses to clarify precedence
       Link:
         C:\Program Files (x86)\Microsoft Visual Studio 14.0\VC\bin\link.exe /ERRORREPORT:PROMPT /OUT:"C:\Users\myriame\Documents\Visual Studio 2015\Projects\maggie\Debug\OpenGLMeshLoader.exe" /INCREMENTAL:NO /NOLOGO /LIBPATH:"C:\Users\myriame\Documents\Visual Studio 2015\Projects\maggie\Debug\\.." glut32.lib legacy_stdio_definitions.lib winmm.lib kernel32.lib user32.lib gdi32.lib winspool.lib comdlg32.lib advapi32.lib shell32.lib ole32.lib oleaut32.lib uuid.lib odbc32.lib odbccp32.lib /MANIFEST /MANIFESTUAC:"level='asInvoker' uiAccess='false'" /manifest:embed /Debug /PDB:"C:\Users\myriame\Documents\Visual Studio 2015\Projects\maggie\Debug\OpenGLMeshLoader.pdb" /SUBSYSTEM:CONSOLE /TLBID:1 /DYNAMICBASE /NXCOMPAT /IMPLIB:"C:\Users\myriame\Documents\Visual Studio 2015\Projects\maggie\Debug\OpenGLMeshLoader.lib" /MACHINE:X86 Debug\GLTexture.obj
         Debug\Model_3DS.obj
         Debug\OpenGLMeshLoader.obj
         Debug\Source2.obj
     1>GLTexture.obj : warning LNK4075: ignoring '/EDITANDCONTINUE' due to '/OPT:LBR' specification
         OpenGLMeshLoader.vcxproj -> C:\Users\myriame\Documents\Visual Studio 2015\Projects\maggie\Debug\OpenGLMeshLoader.exe
     1>Done Building Project "C:\Users\myriame\Documents\Visual Studio 2015\Projects\maggie\OpenGLMeshLoader.vcxproj" (Build target(s)).

Build succeeded.

Time Elapsed 00:00:01.58
